<?xml version="1.0" encoding="UTF-8"?>
<testsuite xmlns:xsi="http://www.w3.org/2001/XMLSchema-instance" xsi:noNamespaceSchemaLocation="https://maven.apache.org/surefire/maven-surefire-plugin/xsd/surefire-test-report.xsd" name="ordertest.CreateOrderTest" time="10.543" tests="4" errors="0" skipped="0" failures="0">
  <properties>
[...]
</properties>
  <testcase name="createOrderUnauthorizedUser" classname="ordertest.CreateOrderTest" time="5.177"/>
  <testcase name="createOrderWithWrongHashIngredient" classname="ordertest.CreateOrderTest" time="2.381"/>
  <testcase name="createOrderAuthorizedUser" classname="ordertest.CreateOrderTest" time="1.562"/>
  <testcase name="createOrderWithoutIngredients" classname="ordertest.CreateOrderTest" time="1.192"/>
</testsuite>